<?xml version="1.0" encoding="UTF-8"?>
<!-- Generated by org.testng.reporters.JUnitReportReporter -->
<testsuite hostname="Naveen" failures="0" tests="1" name="Memberportal.main.Memberportalmain" time="67.897" errors="0" timestamp="2025-01-27T13:59:20 IST" skipped="0">
  <testcase classname="Memberportal.main.Memberportalmain" name="MemberPortalregressionTest" time="67.897"/>
</testsuite> <!-- Memberportal.main.Memberportalmain -->
